#
# A fatal error has been detected by the Java Runtime Environment:
#
#  Internal Error (javaClasses.cpp:136), pid=7544, tid=7564
#  fatal error: Invalid layout of preloaded class
#
# JRE version:  (7.0_40-b43) (build )
# Java VM: Java HotSpot(TM) 64-Bit Server VM (24.0-b56 mixed mode windows-amd64 compressed oops)
# Failed to write core dump. Minidumps are not enabled by default on client versions of Windows
#
# If you would like to submit a bug report, please visit:
#   http://bugreport.sun.com/bugreport/crash.jsp
#

---------------  T H R E A D  ---------------

Current thread (0x0000000002480800):  JavaThread "Unknown thread" [_thread_in_vm, id=7564, stack(0x0000000002370000,0x0000000002470000)]

Stack: [0x0000000002370000,0x0000000002470000]

---------------  P R O C E S S  ---------------

Java Threads: ( => current thread )

Other Threads:

=>0x0000000002480800 (exited) JavaThread "Unknown thread" [_thread_in_vm, id=7564, stack(0x0000000002370000,0x0000000002470000)]

VM state:not at safepoint (not fully initialized)

VM Mutex/Monitor currently owned by a thread: None

GC Heap History (0 events):
No events

Deoptimization events (0 events):
No events

Internal exceptions (0 events):
No events

Events (10 events):
Event: 0.048 loading class 0x00000000024c4b50 done
Event: 0.049 loading class 0x00000000024c4570 done
Event: 0.049 loading class 0x00000000024c4550
Event: 0.049 loading class 0x00000000024cc650
Event: 0.050 loading class 0x00000000024cc650 done
Event: 0.050 loading class 0x00000000024cc680
Event: 0.050 loading class 0x00000000024cc680 done
Event: 0.050 loading class 0x00000000024cc6b0
Event: 0.050 loading class 0x00000000024cc6b0 done
Event: 0.050 loading class 0x00000000024c4550 done


Dynamic libraries:
0x00007ff7b4e20000 - 0x00007ff7b4e53000 	C:\Program Files\Java\jre7\bin\javaw.exe
0x00007fff6f8c0000 - 0x00007fff6fa69000 	C:\Windows\SYSTEM32\ntdll.dll
0x00007fff6d510000 - 0x00007fff6d649000 	C:\Windows\system32\KERNEL32.DLL
0x00007fff6cf90000 - 0x00007fff6d09e000 	C:\Windows\system32\KERNELBASE.dll
0x00007fff6b830000 - 0x00007fff6b8bb000 	C:\Windows\system32\apphelp.dll
0x00007fff62740000 - 0x00007fff6278f000 	C:\Windows\AppPatch\AppPatch64\AcGenral.DLL
0x00007fff6d650000 - 0x00007fff6d6f7000 	C:\Windows\system32\msvcrt.dll
0x00007fff6c940000 - 0x00007fff6c96b000 	C:\Windows\SYSTEM32\SspiCli.dll
0x00007fff6f430000 - 0x00007fff6f481000 	C:\Windows\system32\SHLWAPI.dll
0x00007fff6f2b0000 - 0x00007fff6f421000 	C:\Windows\system32\USER32.dll
0x00007fff6ef90000 - 0x00007fff6f106000 	C:\Windows\system32\ole32.dll
0x00007fff6d970000 - 0x00007fff6ed7f000 	C:\Windows\system32\SHELL32.dll
0x00007fff6c210000 - 0x00007fff6c22f000 	C:\Windows\SYSTEM32\USERENV.dll
0x00007fff6d8c0000 - 0x00007fff6d965000 	C:\Windows\system32\ADVAPI32.dll
0x00007fff65790000 - 0x00007fff657ab000 	C:\Windows\SYSTEM32\MPR.dll
0x00007fff6f170000 - 0x00007fff6f2a6000 	C:\Windows\system32\RPCRT4.dll
0x00007fff6f110000 - 0x00007fff6f167000 	C:\Windows\SYSTEM32\sechost.dll
0x00007fff6d330000 - 0x00007fff6d507000 	C:\Windows\SYSTEM32\combase.dll
0x00007fff6d700000 - 0x00007fff6d845000 	C:\Windows\system32\GDI32.dll
0x00007fff6cc40000 - 0x00007fff6cc54000 	C:\Windows\SYSTEM32\profapi.dll
0x00007fff6b290000 - 0x00007fff6b331000 	C:\Windows\SYSTEM32\SHCORE.dll
0x00007fff6f550000 - 0x00007fff6f584000 	C:\Windows\system32\IMM32.DLL
0x00007fff6f640000 - 0x00007fff6f778000 	C:\Windows\system32\MSCTF.dll
0x00007fff6cbf0000 - 0x00007fff6cc21000 	C:\Windows\system32\nvinitx.dll
0x000000000f000000 - 0x000000000f006000 	C:\Program Files\NVIDIA Corporation\CoProcManager\_etoured.dll
0x00007fff6b010000 - 0x00007fff6b042000 	C:\Program Files\NVIDIA Corporation\CoProcManager\nvd3d9wrapx.dll
0x00007fff6d150000 - 0x00007fff6d326000 	C:\Windows\system32\SETUPAPI.dll
0x00007fff6cf40000 - 0x00007fff6cf8a000 	C:\Windows\system32\CFGMGR32.dll
0x00007fff6afe0000 - 0x00007fff6b002000 	C:\Program Files\NVIDIA Corporation\CoProcManager\nvdxgiwrapx.dll
0x00007fff6abe0000 - 0x00007fff6ae3a000 	C:\Windows\WinSxS\amd64_microsoft.windows.common-controls_6595b64144ccf1df_6.0.9600.16384_none_62475f7becb72503\COMCTL32.dll
0x000000006f1b0000 - 0x000000006f281000 	C:\Program Files\Java\jre7\bin\msvcr100.dll
0x000000006e260000 - 0x000000006ea29000 	C:\Program Files\Java\jre7\bin\server\jvm.dll
0x00007fff69cb0000 - 0x00007fff69cb9000 	C:\Windows\SYSTEM32\WSOCK32.dll
0x00007fff69d70000 - 0x00007fff69d8f000 	C:\Windows\SYSTEM32\WINMM.dll
0x00007fff6f810000 - 0x00007fff6f817000 	C:\Windows\system32\PSAPI.DLL
0x00007fff6f780000 - 0x00007fff6f7d8000 	C:\Windows\system32\WS2_32.dll
0x00007fff69d30000 - 0x00007fff69d5a000 	C:\Windows\SYSTEM32\WINMMBASE.dll
0x00007fff6f7e0000 - 0x00007fff6f7e9000 	C:\Windows\system32\NSI.dll
0x00007fff6ba80000 - 0x00007fff6baa6000 	C:\Windows\SYSTEM32\DEVOBJ.dll
0x000000006f3b0000 - 0x000000006f3bf000 	C:\Program Files\Java\jre7\bin\verify.dll
0x000000006f380000 - 0x000000006f3a8000 	C:\Program Files\Java\jre7\bin\java.dll
0x000000006f190000 - 0x000000006f1a5000 	C:\Program Files\Java\jre7\bin\zip.dll

VM Arguments:
jvm_args: -Dfile.encoding=UTF-8 -Xbootclasspath:D:\programs\eclipse-adt\android-sdk\platforms\android-19\android.jar 
java_command: com.sau.android.socialsau.activity.App
Launcher Type: SUN_STANDARD

Environment Variables:
JAVA_HOME=C:\Program Files\Java\jdk1.7.0_40
PATH=C:\Program Files (x86)\NVIDIA Corporation\PhysX\Common;C:\Windows\system32;C:\Windows;C:\Windows\System32\Wbem;C:\Windows\System32\WindowsPowerShell\v1.0\;C:\Program Files\Java\jdk1.7.0_40\bin;C:\Program Files (x86)\MySQL\MySQL Utilities 1.3.5\;C:\Program Files\VisualSVN Server\bin;C:\Program Files\Microsoft SQL Server\110\Tools\Binn\;c:\Program Files (x86)\Microsoft SQL Server\110\Tools\Binn\;c:\Program Files\Microsoft SQL Server\110\DTS\Binn\;c:\Program Files (x86)\Microsoft SQL Server\110\Tools\Binn\ManagementStudio\;c:\Program Files (x86)\Microsoft Visual Studio 10.0\Common7\IDE\PrivateAssemblies\;c:\Program Files (x86)\Microsoft SQL Server\110\DTS\Binn\;
USERNAME=Thanatorn
OS=Windows_NT
PROCESSOR_IDENTIFIER=Intel64 Family 6 Model 69 Stepping 1, GenuineIntel



---------------  S Y S T E M  ---------------

OS: Windows 8 , 64 bit Build 9200 

CPU:total 4 (2 cores per cpu, 2 threads per core) family 6 model 69 stepping 1, cmov, cx8, fxsr, mmx, sse, sse2, sse3, ssse3, sse4.1, sse4.2, popcnt, avx, avx2, aes, erms, ht, tsc, tscinvbit

Memory: 4k page, physical 8269148k(4140336k free), swap 16657756k(10993376k free)

vm_info: Java HotSpot(TM) 64-Bit Server VM (24.0-b56) for windows-amd64 JRE (1.7.0_40-b43), built on Aug 26 2013 22:38:32 by "java_re" with unknown MS VC++:1600

time: Sat Nov 22 21:25:24 2014
elapsed time: 0 seconds

